<?xml version='1.0' encoding='utf-8'?>
<testsuites name="gbs-examples" tests="3" failures="0" errors="0" skipped="0" time="0.846" timestamp="2025-12-07T20:44:01.457976">
  <testsuite name="ghdl" tests="1" time="0.314" failures="0" errors="0" skipped="0">
    <properties>
      <property name="project_path" value="ghdl/hello-vhpidirect" />
    </properties>
    <testcase classname="ghdl" name="build" time="0.314">
      <system-out>Log file: test-results/logs/ghdl.log</system-out>
    </testcase>
  </testsuite>
  <testsuite name="nsl-cdc-demo" tests="1" time="0.820" failures="0" errors="0" skipped="0">
    <properties>
      <property name="project_path" value="nsl_cdc_demo" />
    </properties>
    <testcase classname="nsl-cdc-demo" name="build" time="0.820">
      <system-out>Log file: test-results/logs/nsl-cdc-demo.log</system-out>
    </testcase>
  </testsuite>
  <testsuite name="hello" tests="1" time="0.023" failures="0" errors="0" skipped="0">
    <properties>
      <property name="project_path" value="hello" />
    </properties>
    <testcase classname="hello" name="build" time="0.023">
      <system-out>Log file: test-results/logs/hello.log</system-out>
    </testcase>
  </testsuite>
</testsuites>